0 info it worked if it ends with ok
1 verbose cli [ 'C:\\Program Files\\nodejs\\node.exe',
1 verbose cli   'C:\\Program Files\\nodejs\\node_modules\\npm\\bin\\npm-cli.js',
1 verbose cli   'run',
1 verbose cli   'server:dev' ]
2 info using npm@3.10.8
3 info using node@v6.9.1
4 verbose run-script [ 'preserver:dev', 'server:dev', 'postserver:dev' ]
5 info lifecycle musicplayer@1.0.0~preserver:dev: musicplayer@1.0.0
6 silly lifecycle musicplayer@1.0.0~preserver:dev: no script for preserver:dev, continuing
7 info lifecycle musicplayer@1.0.0~server:dev: musicplayer@1.0.0
8 verbose lifecycle musicplayer@1.0.0~server:dev: unsafe-perm in lifecycle true
9 verbose lifecycle musicplayer@1.0.0~server:dev: PATH: C:\Program Files\nodejs\node_modules\npm\bin\node-gyp-bin;C:\Users\janni_000\Documents\ws17-zweifragezeichen\node_modules\.bin;C:\Users\janni_000\bin;C:\Users\janni_000\AppData\Local\Atlassian\SourceTree\git_local\mingw32\bin;C:\Users\janni_000\AppData\Local\Atlassian\SourceTree\git_local\usr\local\bin;C:\Users\janni_000\AppData\Local\Atlassian\SourceTree\git_local\usr\bin;C:\Users\janni_000\AppData\Local\Atlassian\SourceTree\git_local\usr\bin;C:\Users\janni_000\AppData\Local\Atlassian\SourceTree\git_local\mingw32\bin;C:\Users\janni_000\AppData\Local\Atlassian\SourceTree\git_local\usr\bin;C:\Users\janni_000\bin;C:\ProgramData\Oracle\Java\javapath;C:\WINDOWS\system32;C:\WINDOWS;C:\WINDOWS\System32\Wbem;C:\WINDOWS\System32\WindowsPowerShell\v1.0;C:\Program Files (x86)\ATI Technologies\ATI.ACE\Core-Static;C:\Program Files (x86)\AMD\ATI.ACE\Core-Static;I:\OpenVPN\bin;C:\Program Files (x86)\Windows Kits\8.1\Windows Performance Toolkit;C:\Program Files\Microsoft SQL Server\110\Tools\Binn;C:\Program Files\Microsoft SQL Server\120\Tools\Binn;C:\WINDOWS\system32\config\systemprofile\.dnx\bin;C:\Program Files\Microsoft DNX\Dnvm;C:\Program Files (x86)\GtkSharp\2.12\bin;C:\Program Files\Common Files\Autodesk Shared;C:\program files (x86)\iracing;C:\program files (x86)\iracing;C:\Program Files\nodejs;C:\xampp\php;C:\Program Files (x86)\Skype\Phone;C:\Program Files\PuTTY;C:\Users\janni_000\AppData\Local\atom\bin;C:\Users\janni_000\AppData\Roaming\npm;C:\Program Files (x86)\Microsoft VS Code\bin;C:\Users\janni_000\AppData\Local\Microsoft\WindowsApps;C:\Users\janni_000\AppData\Local\Atlassian\SourceTree\git_local\usr\bin\vendor_perl;C:\Users\janni_000\AppData\Local\Atlassian\SourceTree\git_local\usr\bin\core_perl
10 verbose lifecycle musicplayer@1.0.0~server:dev: CWD: C:\Users\janni_000\Documents\ws17-zweifragezeichen
11 silly lifecycle musicplayer@1.0.0~server:dev: Args: [ '/d /s /c', 'nodemon ./server/server.js' ]
12 silly lifecycle musicplayer@1.0.0~server:dev: Returned: code: 1  signal: null
13 info lifecycle musicplayer@1.0.0~server:dev: Failed to exec server:dev script
14 verbose stack Error: musicplayer@1.0.0 server:dev: `nodemon ./server/server.js`
14 verbose stack Exit status 1
14 verbose stack     at EventEmitter.<anonymous> (C:\Program Files\nodejs\node_modules\npm\lib\utils\lifecycle.js:255:16)
14 verbose stack     at emitTwo (events.js:106:13)
14 verbose stack     at EventEmitter.emit (events.js:191:7)
14 verbose stack     at ChildProcess.<anonymous> (C:\Program Files\nodejs\node_modules\npm\lib\utils\spawn.js:40:14)
14 verbose stack     at emitTwo (events.js:106:13)
14 verbose stack     at ChildProcess.emit (events.js:191:7)
14 verbose stack     at maybeClose (internal/child_process.js:877:16)
14 verbose stack     at Process.ChildProcess._handle.onexit (internal/child_process.js:226:5)
15 verbose pkgid musicplayer@1.0.0
16 verbose cwd C:\Users\janni_000\Documents\ws17-zweifragezeichen
17 error Windows_NT 10.0.15063
18 error argv "C:\\Program Files\\nodejs\\node.exe" "C:\\Program Files\\nodejs\\node_modules\\npm\\bin\\npm-cli.js" "run" "server:dev"
19 error node v6.9.1
20 error npm  v3.10.8
21 error code ELIFECYCLE
22 error musicplayer@1.0.0 server:dev: `nodemon ./server/server.js`
22 error Exit status 1
23 error Failed at the musicplayer@1.0.0 server:dev script 'nodemon ./server/server.js'.
23 error Make sure you have the latest version of node.js and npm installed.
23 error If you do, this is most likely a problem with the musicplayer package,
23 error not with npm itself.
23 error Tell the author that this fails on your system:
23 error     nodemon ./server/server.js
23 error You can get information on how to open an issue for this project with:
23 error     npm bugs musicplayer
23 error Or if that isn't available, you can get their info via:
23 error     npm owner ls musicplayer
23 error There is likely additional logging output above.
24 verbose exit [ 1, true ]
